<?xml version="1.0" encoding="UTF-8"?>
<testng-results ignored="0" total="2" passed="2" failed="0" skipped="0">
  <reporter-output>
  </reporter-output>
  <suite started-at="2023-07-26T23:08:26 IST" name="Default suite" finished-at="2023-07-26T23:10:25 IST" duration-ms="118882">
    <groups>
    </groups>
    <test started-at="2023-07-26T23:08:26 IST" name="Default test" finished-at="2023-07-26T23:10:25 IST" duration-ms="118882">
      <class name="Test.Sakhioperations">
        <test-method is-config="true" signature="setuo()[pri:0, instance:Test.Sakhioperations@3e08ff24]" started-at="2023-07-26T23:08:26 IST" name="setuo" finished-at="2023-07-26T23:08:51 IST" duration-ms="25028" status="PASS">
          <reporter-output>
          </reporter-output>
        </test-method> <!-- setuo -->
        <test-method signature="verifycreate()[pri:0, instance:Test.Sakhioperations@3e08ff24]" started-at="2023-07-26T23:08:51 IST" name="verifycreate" finished-at="2023-07-26T23:09:02 IST" duration-ms="10838" status="PASS">
          <reporter-output>
          </reporter-output>
        </test-method> <!-- verifycreate -->
        <test-method signature="testing()[pri:0, instance:Test.Sakhioperations@3e08ff24]" started-at="2023-07-26T23:09:02 IST" name="testing" finished-at="2023-07-26T23:10:25 IST" duration-ms="82930" status="PASS">
          <reporter-output>
          </reporter-output>
        </test-method> <!-- testing -->
      </class> <!-- Test.Sakhioperations -->
    </test> <!-- Default test -->
  </suite> <!-- Default suite -->
</testng-results>
